{"contracts/FundMe.sol":{"l":{"31":0,"32":0,"33":0,"35":0,"39":3,"40":3,"48":2,"52":1,"53":1,"59":0,"60":0,"61":0,"63":0,"64":0,"67":0},"path":"/Users/iamalexyun/Developer/web3course/hardhat-fund-me/contracts/FundMe.sol","s":{"1":0,"2":0,"3":3,"4":3,"5":2,"6":1,"7":1,"8":0,"9":0,"10":0,"11":0,"12":0,"13":0},"b":{"1":[0,0],"2":[0,0],"3":[1,1],"4":[0,0]},"f":{"1":0,"2":3,"3":2,"4":0},"fnMap":{"1":{"name":"onlyOwner","line":30,"loc":{"start":{"line":30,"column":4},"end":{"line":36,"column":4}}},"2":{"name":"constructor","line":38,"loc":{"start":{"line":38,"column":4},"end":{"line":41,"column":4}}},"3":{"name":"fund","line":47,"loc":{"start":{"line":47,"column":4},"end":{"line":56,"column":4}}},"4":{"name":"withdraw","line":58,"loc":{"start":{"line":58,"column":4},"end":{"line":68,"column":4}}}},"statementMap":{"1":{"start":{"line":31,"column":8},"end":{"line":31,"column":61}},"2":{"start":{"line":32,"column":8},"end":{"line":32,"column":992}},"3":{"start":{"line":39,"column":8},"end":{"line":39,"column":27}},"4":{"start":{"line":40,"column":8},"end":{"line":40,"column":58}},"5":{"start":{"line":48,"column":8},"end":{"line":48,"column":1395}},"6":{"start":{"line":52,"column":8},"end":{"line":52,"column":31}},"7":{"start":{"line":53,"column":8},"end":{"line":53,"column":1592}},"8":{"start":{"line":59,"column":8},"end":{"line":59,"column":1745}},"9":{"start":{"line":60,"column":12},"end":{"line":60,"column":39}},"10":{"start":{"line":61,"column":12},"end":{"line":61,"column":44}},"11":{"start":{"line":63,"column":8},"end":{"line":63,"column":33}},"12":{"start":{"line":64,"column":8},"end":{"line":64,"column":1939}},"13":{"start":{"line":67,"column":8},"end":{"line":67,"column":43}}},"branchMap":{"1":{"line":31,"type":"if","locations":[{"start":{"line":31,"column":8},"end":{"line":31,"column":8}},{"start":{"line":31,"column":8},"end":{"line":31,"column":8}}]},"2":{"line":32,"type":"if","locations":[{"start":{"line":32,"column":8},"end":{"line":32,"column":8}},{"start":{"line":32,"column":8},"end":{"line":32,"column":8}}]},"3":{"line":48,"type":"if","locations":[{"start":{"line":48,"column":8},"end":{"line":48,"column":8}},{"start":{"line":48,"column":8},"end":{"line":48,"column":8}}]},"4":{"line":67,"type":"if","locations":[{"start":{"line":67,"column":8},"end":{"line":67,"column":8}},{"start":{"line":67,"column":8},"end":{"line":67,"column":8}}]}}},"contracts/PriceConverter.sol":{"l":{"13":2,"14":2,"21":2,"22":2,"23":2},"path":"/Users/iamalexyun/Developer/web3course/hardhat-fund-me/contracts/PriceConverter.sol","s":{"1":2,"2":2,"3":2,"4":2,"5":2},"b":{},"f":{"1":2,"2":2},"fnMap":{"1":{"name":"getPrice","line":8,"loc":{"start":{"line":8,"column":4},"end":{"line":15,"column":4}}},"2":{"name":"getConversionRate","line":17,"loc":{"start":{"line":17,"column":4},"end":{"line":24,"column":4}}}},"statementMap":{"1":{"start":{"line":13,"column":8},"end":{"line":13,"column":60}},"2":{"start":{"line":14,"column":8},"end":{"line":14,"column":36}},"3":{"start":{"line":21,"column":8},"end":{"line":21,"column":46}},"4":{"start":{"line":22,"column":8},"end":{"line":22,"column":63}},"5":{"start":{"line":23,"column":8},"end":{"line":23,"column":29}}},"branchMap":{}},"contracts/test/MockV3Aggregator.sol":{"l":{},"path":"/Users/iamalexyun/Developer/web3course/hardhat-fund-me/contracts/test/MockV3Aggregator.sol","s":{},"b":{},"f":{},"fnMap":{},"statementMap":{},"branchMap":{}}}