{
"contracts\\FundMe.sol":{"l":{"31":1,"32":1,"33":0,"35":1,"39":3,"40":3,"48":4,"52":3,"53":3,"59":1,"60":1,"61":1,"63":1,"64":1,"67":1},"path":"C:\\Users\\dev17\\code\\web3tutorial\\hardhat-fund-me\\contracts\\FundMe.sol","s":{"1":1,"2":1,"3":3,"4":3,"5":4,"6":3,"7":3,"8":1,"9":1,"10":1,"11":1,"12":1,"13":1},"b":{"1":[1,0],"2":[0,1],"3":[3,1],"4":[1,0]},"f":{"1":1,"2":3,"3":4,"4":1},"fnMap":{"1":{"name":"onlyOwner","line":30,"loc":{"start":{"line":30,"column":4},"end":{"line":36,"column":4}}},"2":{"name":"constructor","line":38,"loc":{"start":{"line":38,"column":4},"end":{"line":41,"column":4}}},"3":{"name":"fund","line":47,"loc":{"start":{"line":47,"column":4},"end":{"line":56,"column":4}}},"4":{"name":"withdraw","line":58,"loc":{"start":{"line":58,"column":4},"end":{"line":68,"column":4}}}},"statementMap":{"1":{"start":{"line":31,"column":8},"end":{"line":31,"column":61}},"2":{"start":{"line":32,"column":8},"end":{"line":32,"column":1023}},"3":{"start":{"line":39,"column":8},"end":{"line":39,"column":27}},"4":{"start":{"line":40,"column":8},"end":{"line":40,"column":58}},"5":{"start":{"line":48,"column":8},"end":{"line":48,"column":1442}},"6":{"start":{"line":52,"column":8},"end":{"line":52,"column":31}},"7":{"start":{"line":53,"column":8},"end":{"line":53,"column":1644}},"8":{"start":{"line":59,"column":8},"end":{"line":59,"column":1803}},"9":{"start":{"line":60,"column":12},"end":{"line":60,"column":39}},"10":{"start":{"line":61,"column":12},"end":{"line":61,"column":44}},"11":{"start":{"line":63,"column":8},"end":{"line":63,"column":33}},"12":{"start":{"line":64,"column":8},"end":{"line":64,"column":2002}},"13":{"start":{"line":67,"column":8},"end":{"line":67,"column":43}}},"branchMap":{"1":{"line":31,"type":"if","locations":[{"start":{"line":31,"column":8},"end":{"line":31,"column":8}},{"start":{"line":31,"column":8},"end":{"line":31,"column":8}}]},"2":{"line":32,"type":"if","locations":[{"start":{"line":32,"column":8},"end":{"line":32,"column":8}},{"start":{"line":32,"column":8},"end":{"line":32,"column":8}}]},"3":{"line":48,"type":"if","locations":[{"start":{"line":48,"column":8},"end":{"line":48,"column":8}},{"start":{"line":48,"column":8},"end":{"line":48,"column":8}}]},"4":{"line":67,"type":"if","locations":[{"start":{"line":67,"column":8},"end":{"line":67,"column":8}},{"start":{"line":67,"column":8},"end":{"line":67,"column":8}}]}}},
"contracts\\PriceConverter.sol":{"l":{"13":4,"14":4,"21":4,"22":4,"23":4},"path":"C:\\Users\\dev17\\code\\web3tutorial\\hardhat-fund-me\\contracts\\PriceConverter.sol","s":{"1":4,"2":4,"3":4,"4":4,"5":4},"b":{},"f":{"1":4,"2":4},"fnMap":{"1":{"name":"getPrice","line":8,"loc":{"start":{"line":8,"column":4},"end":{"line":15,"column":4}}},"2":{"name":"getConversionRate","line":17,"loc":{"start":{"line":17,"column":4},"end":{"line":24,"column":4}}}},"statementMap":{"1":{"start":{"line":13,"column":8},"end":{"line":13,"column":60}},"2":{"start":{"line":14,"column":8},"end":{"line":14,"column":36}},"3":{"start":{"line":21,"column":8},"end":{"line":21,"column":46}},"4":{"start":{"line":22,"column":8},"end":{"line":22,"column":63}},"5":{"start":{"line":23,"column":8},"end":{"line":23,"column":29}}},"branchMap":{}},
"contracts\\test\\MockV3Aggregator.sol":{"l":{},"path":"C:\\Users\\dev17\\code\\web3tutorial\\hardhat-fund-me\\contracts\\test\\MockV3Aggregator.sol","s":{},"b":{},"f":{},"fnMap":{},"statementMap":{},"branchMap":{}}}
