TN:
SF:C:\Users\dev17\code\web3tutorial\hardhat-fund-me\contracts\FundMe.sol
FN:30,onlyOwner
FN:38,constructor
FN:47,fund
FN:58,withdraw
FNF:4
FNH:4
FNDA:1,onlyOwner
FNDA:3,constructor
FNDA:4,fund
FNDA:1,withdraw
DA:31,1
DA:32,1
DA:33,0
DA:35,1
DA:39,3
DA:40,3
DA:48,4
DA:52,3
DA:53,3
DA:59,1
DA:60,1
DA:61,1
DA:63,1
DA:64,1
DA:67,1
LF:15
LH:14
BRDA:31,1,0,1
BRDA:31,1,1,0
BRDA:32,2,0,0
BRDA:32,2,1,1
BRDA:48,3,0,3
BRDA:48,3,1,1
BRDA:67,4,0,1
BRDA:67,4,1,0
BRF:8
BRH:5
end_of_record
TN:
SF:C:\Users\dev17\code\web3tutorial\hardhat-fund-me\contracts\PriceConverter.sol
FN:8,getPrice
FN:17,getConversionRate
FNF:2
FNH:2
FNDA:4,getPrice
FNDA:4,getConversionRate
DA:13,4
DA:14,4
DA:21,4
DA:22,4
DA:23,4
LF:5
LH:5
BRF:0
BRH:0
end_of_record
TN:
SF:C:\Users\dev17\code\web3tutorial\hardhat-fund-me\contracts\test\MockV3Aggregator.sol
FNF:0
FNH:0
LF:0
LH:0
BRF:0
BRH:0
end_of_record
