TN:
SF:/Users/iamalexyun/Developer/web3course/hardhat-fund-me/contracts/FundMe.sol
FN:30,onlyOwner
FN:38,constructor
FN:47,fund
FN:58,withdraw
FNF:4
FNH:2
FNDA:0,onlyOwner
FNDA:3,constructor
FNDA:2,fund
FNDA:0,withdraw
DA:31,0
DA:32,0
DA:33,0
DA:35,0
DA:39,3
DA:40,3
DA:48,2
DA:52,1
DA:53,1
DA:59,0
DA:60,0
DA:61,0
DA:63,0
DA:64,0
DA:67,0
LF:15
LH:5
BRDA:31,1,0,0
BRDA:31,1,1,0
BRDA:32,2,0,0
BRDA:32,2,1,0
BRDA:48,3,0,1
BRDA:48,3,1,1
BRDA:67,4,0,0
BRDA:67,4,1,0
BRF:8
BRH:2
end_of_record
TN:
SF:/Users/iamalexyun/Developer/web3course/hardhat-fund-me/contracts/PriceConverter.sol
FN:8,getPrice
FN:17,getConversionRate
FNF:2
FNH:2
FNDA:2,getPrice
FNDA:2,getConversionRate
DA:13,2
DA:14,2
DA:21,2
DA:22,2
DA:23,2
LF:5
LH:5
BRF:0
BRH:0
end_of_record
TN:
SF:/Users/iamalexyun/Developer/web3course/hardhat-fund-me/contracts/test/MockV3Aggregator.sol
FNF:0
FNH:0
LF:0
LH:0
BRF:0
BRH:0
end_of_record
